<?xml version="1.0" encoding="UTF-8"?>
<testsuite name="com.lewisk.testapi.TestapiApplicationTests" tests="1" skipped="0" failures="0" errors="0" timestamp="2023-11-09T09:39:25" hostname="Lewiss-MacBook-Air.local" time="0.15">
  <properties/>
  <testcase name="contextLoads()" classname="com.lewisk.testapi.TestapiApplicationTests" time="0.15"/>
  <system-out><![CDATA[09:39:24.124 [Test worker] DEBUG org.springframework.test.context.BootstrapUtils - Instantiating CacheAwareContextLoaderDelegate from class [org.springframework.test.context.cache.DefaultCacheAwareContextLoaderDelegate]
09:39:24.129 [Test worker] DEBUG org.springframework.test.context.BootstrapUtils - Instantiating BootstrapContext using constructor [public org.springframework.test.context.support.DefaultBootstrapContext(java.lang.Class,org.springframework.test.context.CacheAwareContextLoaderDelegate)]
09:39:24.145 [Test worker] DEBUG org.springframework.test.context.BootstrapUtils - Instantiating TestContextBootstrapper for test class [com.lewisk.testapi.TestapiApplicationTests] from class [org.springframework.boot.test.context.SpringBootTestContextBootstrapper]
09:39:24.151 [Test worker] INFO org.springframework.boot.test.context.SpringBootTestContextBootstrapper - Neither @ContextConfiguration nor @ContextHierarchy found for test class [com.lewisk.testapi.TestapiApplicationTests], using SpringBootContextLoader
09:39:24.153 [Test worker] DEBUG org.springframework.test.context.support.AbstractContextLoader - Did not detect default resource location for test class [com.lewisk.testapi.TestapiApplicationTests]: class path resource [com/lewisk/testapi/TestapiApplicationTests-context.xml] does not exist
09:39:24.153 [Test worker] DEBUG org.springframework.test.context.support.AbstractContextLoader - Did not detect default resource location for test class [com.lewisk.testapi.TestapiApplicationTests]: class path resource [com/lewisk/testapi/TestapiApplicationTestsContext.groovy] does not exist
09:39:24.153 [Test worker] INFO org.springframework.test.context.support.AbstractContextLoader - Could not detect default resource locations for test class [com.lewisk.testapi.TestapiApplicationTests]: no resource found for suffixes {-context.xml, Context.groovy}.
09:39:24.153 [Test worker] INFO org.springframework.test.context.support.AnnotationConfigContextLoaderUtils - Could not detect default configuration classes for test class [com.lewisk.testapi.TestapiApplicationTests]: TestapiApplicationTests does not declare any static, non-private, non-final, nested classes annotated with @Configuration.
09:39:24.173 [Test worker] DEBUG org.springframework.test.context.support.ActiveProfilesUtils - Could not find an 'annotation declaring class' for annotation type [org.springframework.test.context.ActiveProfiles] and class [com.lewisk.testapi.TestapiApplicationTests]
09:39:24.212 [Test worker] DEBUG org.springframework.context.annotation.ClassPathScanningCandidateComponentProvider - Identified candidate component class: file [/Users/lewiskellett/IdeaProjects/testingapi/build/classes/java/main/com/lewisk/testapi/TestapiApplication.class]
09:39:24.213 [Test worker] INFO org.springframework.boot.test.context.SpringBootTestContextBootstrapper - Found @SpringBootConfiguration com.lewisk.testapi.TestapiApplication for test class com.lewisk.testapi.TestapiApplicationTests
09:39:24.260 [Test worker] DEBUG org.springframework.boot.test.context.SpringBootTestContextBootstrapper - @TestExecutionListeners is not present for class [com.lewisk.testapi.TestapiApplicationTests]: using defaults.
09:39:24.260 [Test worker] INFO org.springframework.boot.test.context.SpringBootTestContextBootstrapper - Loaded default TestExecutionListener class names from location [META-INF/spring.factories]: [org.springframework.boot.test.autoconfigure.restdocs.RestDocsTestExecutionListener, org.springframework.boot.test.autoconfigure.web.client.MockRestServiceServerResetTestExecutionListener, org.springframework.boot.test.autoconfigure.web.servlet.MockMvcPrintOnlyOnFailureTestExecutionListener, org.springframework.boot.test.autoconfigure.web.servlet.WebDriverTestExecutionListener, org.springframework.boot.test.autoconfigure.webservices.client.MockWebServiceServerTestExecutionListener, org.springframework.boot.test.mock.mockito.MockitoTestExecutionListener, org.springframework.boot.test.mock.mockito.ResetMocksTestExecutionListener, org.springframework.test.context.web.ServletTestExecutionListener, org.springframework.test.context.support.DirtiesContextBeforeModesTestExecutionListener, org.springframework.test.context.event.ApplicationEventsTestExecutionListener, org.springframework.test.context.support.DependencyInjectionTestExecutionListener, org.springframework.test.context.support.DirtiesContextTestExecutionListener, org.springframework.test.context.transaction.TransactionalTestExecutionListener, org.springframework.test.context.jdbc.SqlScriptsTestExecutionListener, org.springframework.test.context.event.EventPublishingTestExecutionListener]
09:39:24.266 [Test worker] DEBUG org.springframework.boot.test.context.SpringBootTestContextBootstrapper - Skipping candidate TestExecutionListener [org.springframework.test.context.transaction.TransactionalTestExecutionListener] due to a missing dependency. Specify custom listener classes or make the default listener classes and their required dependencies available. Offending class: [org/springframework/transaction/interceptor/TransactionAttributeSource]
09:39:24.266 [Test worker] DEBUG org.springframework.boot.test.context.SpringBootTestContextBootstrapper - Skipping candidate TestExecutionListener [org.springframework.test.context.jdbc.SqlScriptsTestExecutionListener] due to a missing dependency. Specify custom listener classes or make the default listener classes and their required dependencies available. Offending class: [org/springframework/transaction/interceptor/TransactionAttribute]
09:39:24.266 [Test worker] INFO org.springframework.boot.test.context.SpringBootTestContextBootstrapper - Using TestExecutionListeners: [org.springframework.test.context.web.ServletTestExecutionListener@130e116b, org.springframework.test.context.support.DirtiesContextBeforeModesTestExecutionListener@e383572, org.springframework.test.context.event.ApplicationEventsTestExecutionListener@5ddf0d24, org.springframework.boot.test.mock.mockito.MockitoTestExecutionListener@363a52f, org.springframework.boot.test.autoconfigure.SpringBootDependencyInjectionTestExecutionListener@60856961, org.springframework.test.context.support.DirtiesContextTestExecutionListener@2fd953a6, org.springframework.test.context.event.EventPublishingTestExecutionListener@a4add54, org.springframework.boot.test.autoconfigure.restdocs.RestDocsTestExecutionListener@141e5bef, org.springframework.boot.test.autoconfigure.web.client.MockRestServiceServerResetTestExecutionListener@5f9be66c, org.springframework.boot.test.autoconfigure.web.servlet.MockMvcPrintOnlyOnFailureTestExecutionListener@3abada5a, org.springframework.boot.test.autoconfigure.web.servlet.WebDriverTestExecutionListener@66c61024, org.springframework.boot.test.autoconfigure.webservices.client.MockWebServiceServerTestExecutionListener@61fe30, org.springframework.boot.test.mock.mockito.ResetMocksTestExecutionListener@c9d0d6]
09:39:24.269 [Test worker] DEBUG org.springframework.test.context.support.AbstractDirtiesContextTestExecutionListener - Before test class: context [DefaultTestContext@38089a5a testClass = TestapiApplicationTests, testInstance = [null], testMethod = [null], testException = [null], mergedContextConfiguration = [WebMergedContextConfiguration@30e868be testClass = TestapiApplicationTests, locations = '{}', classes = '{class com.lewisk.testapi.TestapiApplication}', contextInitializerClasses = '[]', activeProfiles = '{}', propertySourceLocations = '{}', propertySourceProperties = '{org.springframework.boot.test.context.SpringBootTestContextBootstrapper=true}', contextCustomizers = set[org.springframework.boot.test.autoconfigure.actuate.metrics.MetricsExportContextCustomizerFactory$DisableMetricExportContextCustomizer@235ecd9f, org.springframework.boot.test.autoconfigure.properties.PropertyMappingContextCustomizer@0, org.springframework.boot.test.autoconfigure.web.servlet.WebDriverContextCustomizerFactory$Customizer@4c60d6e9, org.springframework.boot.test.context.filter.ExcludeFilterContextCustomizer@7f485fda, org.springframework.boot.test.json.DuplicateJsonObjectContextCustomizerFactory$DuplicateJsonObjectContextCustomizer@2d901eb0, org.springframework.boot.test.mock.mockito.MockitoContextCustomizer@0, org.springframework.boot.test.web.client.TestRestTemplateContextCustomizer@6fa51cd4, org.springframework.boot.test.context.SpringBootTestArgs@1, org.springframework.boot.test.context.SpringBootTestWebEnvironment@3c72f59f], resourceBasePath = 'src/main/webapp', contextLoader = 'org.springframework.boot.test.context.SpringBootContextLoader', parent = [null]], attributes = map['org.springframework.test.context.web.ServletTestExecutionListener.activateListener' -> true]], class annotated with @DirtiesContext [false] with mode [null].

  .   ____          _            __ _ _
 /\\ / ___'_ __ _ _(_)_ __  __ _ \ \ \ \
( ( )\___ | '_ | '_| | '_ \/ _` | \ \ \ \
 \\/  ___)| |_)| | | | | || (_| |  ) ) ) )
  '  |____| .__|_| |_|_| |_\__, | / / / /
 =========|_|==============|___/=/_/_/_/
 :: Spring Boot ::               (v2.7.17)

2023-11-09 09:39:24.647  INFO 3121 --- [    Test worker] c.l.testapi.TestapiApplicationTests      : Starting TestapiApplicationTests using Java 1.8.0_392 on Lewiss-MacBook-Air.local with PID 3121 (started by lewiskellett in /Users/lewiskellett/IdeaProjects/testingapi)
2023-11-09 09:39:24.648  INFO 3121 --- [    Test worker] c.l.testapi.TestapiApplicationTests      : No active profile set, falling back to 1 default profile: "default"
2023-11-09 09:39:25.348  INFO 3121 --- [    Test worker] c.l.testapi.TestapiApplicationTests      : Started TestapiApplicationTests in 1.063 seconds (JVM running for 1.708)
]]></system-out>
  <system-err><![CDATA[]]></system-err>
</testsuite>
